<?xml version="1.0" encoding="UTF-8"?>
<!-- Generated by org.testng.reporters.JUnitXMLReporter -->
<testsuite hostname="Thabos-Air" ignored="13" name="Default test" tests="1" failures="1" timestamp="2021-10-13T13:03:17 SAST" time="9.659" errors="0">
  <testcase name="CreateApplicationPolicyHolder" time="9.333" classname="runner.ApplicationRunner">
    <failure type="java.lang.AssertionError" message="The following asserts failed:
	expected [true] but found [false]">
      <![CDATA[java.lang.AssertionError: The following asserts failed:
expected [true] but found [false]
at org.testng.asserts.SoftAssert.assertAll(SoftAssert.java:47)
at org.testng.asserts.SoftAssert.assertAll(SoftAssert.java:31)
at runner.ApplicationRunner.CreateApplicationPolicyHolder(ApplicationRunner.java:57)
at sun.reflect.NativeMethodAccessorImpl.invoke0(Native Method)
at sun.reflect.NativeMethodAccessorImpl.invoke(NativeMethodAccessorImpl.java:62)
at sun.reflect.DelegatingMethodAccessorImpl.invoke(DelegatingMethodAccessorImpl.java:43)
at java.lang.reflect.Method.invoke(Method.java:498)
at org.testng.internal.MethodInvocationHelper.invokeMethod(MethodInvocationHelper.java:133)
at org.testng.internal.TestInvoker.invokeMethod(TestInvoker.java:598)
at org.testng.internal.TestInvoker.invokeTestMethod(TestInvoker.java:173)
at org.testng.internal.MethodRunner.runInSequence(MethodRunner.java:46)
at org.testng.internal.TestInvoker$MethodInvocationAgent.invoke(TestInvoker.java:824)
at org.testng.internal.TestInvoker.invokeTestMethods(TestInvoker.java:146)
at org.testng.internal.TestMethodWorker.invokeTestMethods(TestMethodWorker.java:146)
at org.testng.internal.TestMethodWorker.run(TestMethodWorker.java:128)
at java.util.ArrayList.forEach(ArrayList.java:1259)
at org.testng.TestRunner.privateRun(TestRunner.java:794)
at org.testng.TestRunner.run(TestRunner.java:596)
at org.testng.SuiteRunner.runTest(SuiteRunner.java:377)
at org.testng.SuiteRunner.runSequentially(SuiteRunner.java:371)
at org.testng.SuiteRunner.privateRun(SuiteRunner.java:332)
at org.testng.SuiteRunner.run(SuiteRunner.java:276)
at org.testng.SuiteRunnerWorker.runSuite(SuiteRunnerWorker.java:53)
at org.testng.SuiteRunnerWorker.run(SuiteRunnerWorker.java:96)
at org.testng.TestNG.runSuitesSequentially(TestNG.java:1212)
at org.testng.TestNG.runSuitesLocally(TestNG.java:1134)
at org.testng.TestNG.runSuites(TestNG.java:1063)
at org.testng.TestNG.run(TestNG.java:1031)
at org.testng.remote.AbstractRemoteTestNG.run(AbstractRemoteTestNG.java:115)
at org.testng.remote.RemoteTestNG.initAndRun(RemoteTestNG.java:251)
at org.testng.remote.RemoteTestNG.main(RemoteTestNG.java:77)
]]>
    </failure>
  </testcase> <!-- CreateApplicationPolicyHolder -->
  <testcase name="CreateApplication" time="0.0" classname="runner.ApplicationRunner">
    <ignored/>
  </testcase> <!-- CreateApplication -->
  <testcase name="createApplicationBenefits" time="0.0" classname="runner.ApplicationRunner">
    <ignored/>
  </testcase> <!-- createApplicationBenefits -->
  <testcase name="createApplicationBeneficiaries" time="0.0" classname="runner.ApplicationRunner">
    <ignored/>
  </testcase> <!-- createApplicationBeneficiaries -->
  <testcase name="CreateApplicationAcceptance" time="0.0" classname="runner.ApplicationRunner">
    <ignored/>
  </testcase> <!-- CreateApplicationAcceptance -->
  <testcase name="QualificationProduct1960" time="0.0" classname="runner.ApplicationRunner">
    <ignored/>
  </testcase> <!-- QualificationProduct1960 -->
  <testcase name="QualificationProduct60100001NegetiveTest" time="0.0" classname="runner.ApplicationRunner">
    <ignored/>
  </testcase> <!-- QualificationProduct60100001NegetiveTest -->
  <testcase name="CreateApplicationPremiumCollection" time="0.0" classname="runner.ApplicationRunner">
    <ignored/>
  </testcase> <!-- CreateApplicationPremiumCollection -->
  <testcase name="createApplicationStatus" time="0.0" classname="runner.ApplicationRunner">
    <ignored/>
  </testcase> <!-- createApplicationStatus -->
  <testcase name="Rates" time="0.0" classname="runner.ApplicationRunner">
    <ignored/>
  </testcase> <!-- Rates -->
  <testcase name="QualificationProduct60100000" time="0.0" classname="runner.ApplicationRunner">
    <ignored/>
  </testcase> <!-- QualificationProduct60100000 -->
  <testcase name="QualificationProduct60200000" time="0.0" classname="runner.ApplicationRunner">
    <ignored/>
  </testcase> <!-- QualificationProduct60200000 -->
  <testcase name="QualificationProduct60200001NegetiveTest" time="0.0" classname="runner.ApplicationRunner">
    <ignored/>
  </testcase> <!-- QualificationProduct60200001NegetiveTest -->
  <testcase name="getApplication" time="0.0" classname="runner.ApplicationRunner">
    <ignored/>
  </testcase> <!-- getApplication -->
</testsuite> <!-- Default test -->
