<?xml version="1.0" encoding="UTF-8"?>
<testng-results skipped="0" failed="0" ignored="5" total="6" passed="1">
  <reporter-output>
  </reporter-output>
  <suite name="Default suite" duration-ms="19336" started-at="2021-10-21T13:47:37 SAST" finished-at="2021-10-21T13:47:56 SAST">
    <groups>
    </groups>
    <test name="Default test" duration-ms="19336" started-at="2021-10-21T13:47:37 SAST" finished-at="2021-10-21T13:47:56 SAST">
      <class name="runner.PartyVerificationRestRunner">
        <test-method status="PASS" signature="TC_006_PersonIdentificationComprehensiveWithMortalityInformation_Invalid_ID()[pri:6, instance:runner.PartyVerificationRestRunner@45c7e403]" name="TC_006_PersonIdentificationComprehensiveWithMortalityInformation_Invalid_ID" duration-ms="18991" started-at="2021-10-21T13:47:37 SAST" finished-at="2021-10-21T13:47:56 SAST">
          <reporter-output>
          </reporter-output>
        </test-method> <!-- TC_006_PersonIdentificationComprehensiveWithMortalityInformation_Invalid_ID -->
        <test-method status="PASS" signature="EndTests()[pri:0, instance:runner.PartyVerificationRestRunner@45c7e403]" name="EndTests" is-config="true" duration-ms="297" started-at="2021-10-21T13:47:56 SAST" finished-at="2021-10-21T13:47:56 SAST">
          <reporter-output>
          </reporter-output>
        </test-method> <!-- EndTests -->
      </class> <!-- runner.PartyVerificationRestRunner -->
    </test> <!-- Default test -->
  </suite> <!-- Default suite -->
</testng-results>
