<?xml version="1.0" encoding="UTF-8"?>
<testng-results skipped="0" failed="0" ignored="13" total="14" passed="1">
  <reporter-output>
  </reporter-output>
  <suite name="Default suite" duration-ms="7878" started-at="2021-10-26T09:50:30 SAST" finished-at="2021-10-26T09:50:38 SAST">
    <groups>
    </groups>
    <test name="Default test" duration-ms="7878" started-at="2021-10-26T09:50:30 SAST" finished-at="2021-10-26T09:50:38 SAST">
      <class name="runner.ApplicationRunner">
        <test-method status="PASS" signature="CreateApplicationBeneficiaries()[pri:4, instance:runner.ApplicationRunner@3514a4c0]" name="CreateApplicationBeneficiaries" duration-ms="7574" started-at="2021-10-26T09:50:30 SAST" finished-at="2021-10-26T09:50:37 SAST">
          <reporter-output>
          </reporter-output>
        </test-method> <!-- CreateApplicationBeneficiaries -->
        <test-method status="PASS" signature="EndTests()[pri:0, instance:runner.ApplicationRunner@3514a4c0]" name="EndTests" is-config="true" duration-ms="260" started-at="2021-10-26T09:50:37 SAST" finished-at="2021-10-26T09:50:38 SAST">
          <reporter-output>
          </reporter-output>
        </test-method> <!-- EndTests -->
      </class> <!-- runner.ApplicationRunner -->
    </test> <!-- Default test -->
  </suite> <!-- Default suite -->
</testng-results>
