<?xml version="1.0" encoding="UTF-8"?>
<testng-results skipped="0" failed="0" ignored="17" total="18" passed="1">
  <reporter-output>
  </reporter-output>
  <suite name="Default suite" duration-ms="4650" started-at="2021-10-27T12:47:49 SAST" finished-at="2021-10-27T12:47:53 SAST">
    <groups>
    </groups>
    <test name="Default test" duration-ms="4650" started-at="2021-10-27T12:47:49 SAST" finished-at="2021-10-27T12:47:53 SAST">
      <class name="runner.PartyVerificationRestRunner">
        <test-method status="PASS" signature="TC_018_PersonVerification_RiskRating_Low_ID_Invalid_Format()[pri:15, instance:runner.PartyVerificationRestRunner@3514a4c0]" name="TC_018_PersonVerification_RiskRating_Low_ID_Invalid_Format" duration-ms="4167" started-at="2021-10-27T12:47:49 SAST" finished-at="2021-10-27T12:47:53 SAST">
          <reporter-output>
          </reporter-output>
        </test-method> <!-- TC_018_PersonVerification_RiskRating_Low_ID_Invalid_Format -->
        <test-method status="PASS" signature="EndTests()[pri:0, instance:runner.PartyVerificationRestRunner@3514a4c0]" name="EndTests" is-config="true" duration-ms="420" started-at="2021-10-27T12:47:53 SAST" finished-at="2021-10-27T12:47:53 SAST">
          <reporter-output>
          </reporter-output>
        </test-method> <!-- EndTests -->
      </class> <!-- runner.PartyVerificationRestRunner -->
    </test> <!-- Default test -->
  </suite> <!-- Default suite -->
</testng-results>
