<?xml version="1.0" encoding="UTF-8"?>
<testng-results skipped="0" failed="1" ignored="0" total="3" passed="2">
  <reporter-output>
  </reporter-output>
  <suite name="Default suite" duration-ms="9407" started-at="2021-11-02T17:57:37 SAST" finished-at="2021-11-02T17:57:46 SAST">
    <groups>
    </groups>
    <test name="Default test" duration-ms="9407" started-at="2021-11-02T17:57:37 SAST" finished-at="2021-11-02T17:57:46 SAST">
      <class name="runner.ProductRunner">
        <test-method status="PASS" signature="TC_005_1960L()[pri:5, instance:runner.ProductRunner@2fd1433e]" name="TC_005_1960L" duration-ms="6014" started-at="2021-11-02T17:57:37 SAST" finished-at="2021-11-02T17:57:43 SAST">
          <reporter-output>
          </reporter-output>
        </test-method> <!-- TC_005_1960L -->
        <test-method status="FAIL" signature="TC_006_1977()[pri:6, instance:runner.ProductRunner@2fd1433e]" name="TC_006_1977" duration-ms="1422" started-at="2021-11-02T17:57:43 SAST" finished-at="2021-11-02T17:57:44 SAST">
          <exception class="java.lang.AssertionError">
            <message>
              <![CDATA[The following asserts failed:
expected [true] but found [false]]]>
            </message>
            <full-stacktrace>
              <![CDATA[java.lang.AssertionError: The following asserts failed:
expected [true] but found [false]
at org.testng.asserts.SoftAssert.assertAll(SoftAssert.java:47)
at org.testng.asserts.SoftAssert.assertAll(SoftAssert.java:31)
at runner.ProductRunner.TC_006_1977(ProductRunner.java:47)
at sun.reflect.NativeMethodAccessorImpl.invoke0(Native Method)
at sun.reflect.NativeMethodAccessorImpl.invoke(NativeMethodAccessorImpl.java:62)
at sun.reflect.DelegatingMethodAccessorImpl.invoke(DelegatingMethodAccessorImpl.java:43)
at java.lang.reflect.Method.invoke(Method.java:498)
at org.testng.internal.MethodInvocationHelper.invokeMethod(MethodInvocationHelper.java:133)
at org.testng.internal.TestInvoker.invokeMethod(TestInvoker.java:598)
at org.testng.internal.TestInvoker.invokeTestMethod(TestInvoker.java:173)
at org.testng.internal.MethodRunner.runInSequence(MethodRunner.java:46)
at org.testng.internal.TestInvoker$MethodInvocationAgent.invoke(TestInvoker.java:824)
at org.testng.internal.TestInvoker.invokeTestMethods(TestInvoker.java:146)
at org.testng.internal.TestMethodWorker.invokeTestMethods(TestMethodWorker.java:146)
at org.testng.internal.TestMethodWorker.run(TestMethodWorker.java:128)
at java.util.ArrayList.forEach(ArrayList.java:1259)
at org.testng.TestRunner.privateRun(TestRunner.java:794)
at org.testng.TestRunner.run(TestRunner.java:596)
at org.testng.SuiteRunner.runTest(SuiteRunner.java:377)
at org.testng.SuiteRunner.runSequentially(SuiteRunner.java:371)
at org.testng.SuiteRunner.privateRun(SuiteRunner.java:332)
at org.testng.SuiteRunner.run(SuiteRunner.java:276)
at org.testng.SuiteRunnerWorker.runSuite(SuiteRunnerWorker.java:53)
at org.testng.SuiteRunnerWorker.run(SuiteRunnerWorker.java:96)
at org.testng.TestNG.runSuitesSequentially(TestNG.java:1212)
at org.testng.TestNG.runSuitesLocally(TestNG.java:1134)
at org.testng.TestNG.runSuites(TestNG.java:1063)
at org.testng.TestNG.run(TestNG.java:1031)
at org.testng.remote.AbstractRemoteTestNG.run(AbstractRemoteTestNG.java:115)
at org.testng.remote.RemoteTestNG.initAndRun(RemoteTestNG.java:251)
at org.testng.remote.RemoteTestNG.main(RemoteTestNG.java:77)
]]>
            </full-stacktrace>
          </exception> <!-- java.lang.AssertionError -->
          <reporter-output>
          </reporter-output>
        </test-method> <!-- TC_006_1977 -->
        <test-method status="PASS" signature="TC_007_1924()[pri:7, instance:runner.ProductRunner@2fd1433e]" name="TC_007_1924" duration-ms="1482" started-at="2021-11-02T17:57:44 SAST" finished-at="2021-11-02T17:57:46 SAST">
          <reporter-output>
          </reporter-output>
        </test-method> <!-- TC_007_1924 -->
        <test-method status="PASS" signature="EndTests()[pri:0, instance:runner.ProductRunner@2fd1433e]" name="EndTests" is-config="true" duration-ms="424" started-at="2021-11-02T17:57:46 SAST" finished-at="2021-11-02T17:57:46 SAST">
          <reporter-output>
          </reporter-output>
        </test-method> <!-- EndTests -->
      </class> <!-- runner.ProductRunner -->
    </test> <!-- Default test -->
  </suite> <!-- Default suite -->
</testng-results>
