<?xml version="1.0" encoding="UTF-8"?>
<testng-results skipped="0" failed="0" ignored="3" total="4" passed="1">
  <reporter-output>
  </reporter-output>
  <suite name="Default suite" duration-ms="6776" started-at="2021-11-02T11:51:32 SAST" finished-at="2021-11-02T11:51:39 SAST">
    <groups>
    </groups>
    <test name="Default test" duration-ms="6776" started-at="2021-11-02T11:51:32 SAST" finished-at="2021-11-02T11:51:39 SAST">
      <class name="runner.ProductRunner">
        <test-method status="PASS" signature="TC_001_60100000()[pri:1, instance:runner.ProductRunner@446293d]" name="TC_001_60100000" duration-ms="6439" started-at="2021-11-02T11:51:32 SAST" finished-at="2021-11-02T11:51:38 SAST">
          <reporter-output>
          </reporter-output>
        </test-method> <!-- TC_001_60100000 -->
        <test-method status="PASS" signature="EndTests()[pri:0, instance:runner.ProductRunner@446293d]" name="EndTests" is-config="true" duration-ms="295" started-at="2021-11-02T11:51:38 SAST" finished-at="2021-11-02T11:51:39 SAST">
          <reporter-output>
          </reporter-output>
        </test-method> <!-- EndTests -->
      </class> <!-- runner.ProductRunner -->
    </test> <!-- Default test -->
  </suite> <!-- Default suite -->
</testng-results>
