<?xml version="1.0" encoding="UTF-8"?>
<testng-results ignored="2" total="6" passed="4" failed="0" skipped="0">
  <reporter-output>
  </reporter-output>
  <suite started-at="2021-10-21T16:00:32 SAST" name="Default suite" finished-at="2021-10-21T16:01:00 SAST" duration-ms="27870">
    <groups>
    </groups>
    <test started-at="2021-10-21T16:00:32 SAST" name="Default test" finished-at="2021-10-21T16:01:00 SAST" duration-ms="27870">
      <class name="runner.PartyVerificationRestRunner">
        <test-method signature="TC_003_PersonIdentification_Enhanced()[pri:3, instance:runner.PartyVerificationRestRunner@4a8355dd]" started-at="2021-10-21T16:00:32 SAST" name="TC_003_PersonIdentification_Enhanced" finished-at="2021-10-21T16:00:47 SAST" duration-ms="14475" status="PASS">
          <reporter-output>
          </reporter-output>
        </test-method> <!-- TC_003_PersonIdentification_Enhanced -->
        <test-method signature="TC_004_PersonIdentification_Enhanced_Invalid_ID()[pri:4, instance:runner.PartyVerificationRestRunner@4a8355dd]" started-at="2021-10-21T16:00:47 SAST" name="TC_004_PersonIdentification_Enhanced_Invalid_ID" finished-at="2021-10-21T16:00:49 SAST" duration-ms="2631" status="PASS">
          <reporter-output>
          </reporter-output>
        </test-method> <!-- TC_004_PersonIdentification_Enhanced_Invalid_ID -->
        <test-method signature="TC_005_PersonIdentificationComprehensiveWithMortalityInformation()[pri:5, instance:runner.PartyVerificationRestRunner@4a8355dd]" started-at="2021-10-21T16:00:49 SAST" name="TC_005_PersonIdentificationComprehensiveWithMortalityInformation" finished-at="2021-10-21T16:00:56 SAST" duration-ms="6278" status="PASS">
          <reporter-output>
          </reporter-output>
        </test-method> <!-- TC_005_PersonIdentificationComprehensiveWithMortalityInformation -->
        <test-method signature="TC_006_PersonIdentificationComprehensiveWithMortalityInformation_Invalid_ID()[pri:6, instance:runner.PartyVerificationRestRunner@4a8355dd]" started-at="2021-10-21T16:00:56 SAST" name="TC_006_PersonIdentificationComprehensiveWithMortalityInformation_Invalid_ID" finished-at="2021-10-21T16:01:00 SAST" duration-ms="3999" status="PASS">
          <reporter-output>
          </reporter-output>
        </test-method> <!-- TC_006_PersonIdentificationComprehensiveWithMortalityInformation_Invalid_ID -->
        <test-method is-config="true" signature="EndTests()[pri:0, instance:runner.PartyVerificationRestRunner@4a8355dd]" started-at="2021-10-21T16:01:00 SAST" name="EndTests" finished-at="2021-10-21T16:01:00 SAST" duration-ms="397" status="PASS">
          <reporter-output>
          </reporter-output>
        </test-method> <!-- EndTests -->
      </class> <!-- runner.PartyVerificationRestRunner -->
    </test> <!-- Default test -->
  </suite> <!-- Default suite -->
</testng-results>
