<?xml version="1.0" encoding="UTF-8"?>
<testng-results ignored="5" total="6" passed="1" failed="0" skipped="0">
  <reporter-output>
  </reporter-output>
  <suite started-at="2021-10-21T10:07:30 SAST" name="Default suite" finished-at="2021-10-21T10:07:46 SAST" duration-ms="15796">
    <groups>
    </groups>
    <test started-at="2021-10-21T10:07:30 SAST" name="Default test" finished-at="2021-10-21T10:07:46 SAST" duration-ms="15796">
      <class name="runner.PartyVerificationRestRunner">
        <test-method signature="TC_005_PersonIdentificationComprehensiveWithMortalityInformation()[pri:5, instance:runner.PartyVerificationRestRunner@72bc6553]" started-at="2021-10-21T10:07:30 SAST" name="TC_005_PersonIdentificationComprehensiveWithMortalityInformation" finished-at="2021-10-21T10:07:45 SAST" duration-ms="15468" status="PASS">
          <reporter-output>
          </reporter-output>
        </test-method> <!-- TC_005_PersonIdentificationComprehensiveWithMortalityInformation -->
        <test-method is-config="true" signature="EndTests()[pri:0, instance:runner.PartyVerificationRestRunner@72bc6553]" started-at="2021-10-21T10:07:45 SAST" name="EndTests" finished-at="2021-10-21T10:07:46 SAST" duration-ms="291" status="PASS">
          <reporter-output>
          </reporter-output>
        </test-method> <!-- EndTests -->
      </class> <!-- runner.PartyVerificationRestRunner -->
    </test> <!-- Default test -->
  </suite> <!-- Default suite -->
</testng-results>
