<?xml version="1.0" encoding="UTF-8"?>
<testng-results ignored="13" total="14" passed="1" failed="0" skipped="0">
  <reporter-output>
  </reporter-output>
  <suite started-at="2021-10-08T08:49:38 SAST" name="Default suite" finished-at="2021-10-08T08:49:44 SAST" duration-ms="6342">
    <groups>
    </groups>
    <test started-at="2021-10-08T08:49:38 SAST" name="Default test" finished-at="2021-10-08T08:49:44 SAST" duration-ms="6342">
      <class name="runner.ApplicationRunner">
        <test-method signature="createApplicationBeneficiaries()[pri:13, instance:runner.ApplicationRunner@5c80cf32]" started-at="2021-10-08T08:49:38 SAST" name="createApplicationBeneficiaries" finished-at="2021-10-08T08:49:44 SAST" duration-ms="5935" status="PASS">
          <reporter-output>
          </reporter-output>
        </test-method> <!-- createApplicationBeneficiaries -->
        <test-method is-config="true" signature="EndTests()[pri:0, instance:runner.ApplicationRunner@5c80cf32]" started-at="2021-10-08T08:49:44 SAST" name="EndTests" finished-at="2021-10-08T08:49:44 SAST" duration-ms="337" status="PASS">
          <reporter-output>
          </reporter-output>
        </test-method> <!-- EndTests -->
      </class> <!-- runner.ApplicationRunner -->
    </test> <!-- Default test -->
  </suite> <!-- Default suite -->
</testng-results>
