<?xml version="1.0" encoding="UTF-8"?>
<testng-results ignored="12" total="13" passed="1" failed="0" skipped="0">
  <reporter-output>
  </reporter-output>
  <suite started-at="2021-10-04T17:07:25 SAST" name="Default suite" finished-at="2021-10-04T17:07:27 SAST" duration-ms="1904">
    <groups>
    </groups>
    <test started-at="2021-10-04T17:07:25 SAST" name="Default test" finished-at="2021-10-04T17:07:27 SAST" duration-ms="1904">
      <class name="runner.ApiTests">
        <test-method signature="f12()[pri:11, instance:runner.ApiTests@3549bca9]" started-at="2021-10-04T17:07:25 SAST" name="f12" finished-at="2021-10-04T17:07:27 SAST" duration-ms="1563" status="PASS">
          <reporter-output>
          </reporter-output>
        </test-method> <!-- f12 -->
        <test-method is-config="true" signature="EndTests()[pri:0, instance:runner.ApiTests@3549bca9]" started-at="2021-10-04T17:07:27 SAST" name="EndTests" finished-at="2021-10-04T17:07:27 SAST" duration-ms="303" status="PASS">
          <reporter-output>
          </reporter-output>
        </test-method> <!-- EndTests -->
      </class> <!-- runner.ApiTests -->
    </test> <!-- Default test -->
  </suite> <!-- Default suite -->
</testng-results>
