<?xml version="1.0" encoding="UTF-8"?>
<testng-results ignored="1" total="2" passed="1" failed="0" skipped="0">
  <reporter-output>
  </reporter-output>
  <suite started-at="2021-11-03T13:49:26 SAST" name="Default suite" finished-at="2021-11-03T13:49:34 SAST" duration-ms="8154">
    <groups>
    </groups>
    <test started-at="2021-11-03T13:49:26 SAST" name="Default test" finished-at="2021-11-03T13:49:34 SAST" duration-ms="8154">
      <class name="runner.ProductRunner">
        <test-method signature="TC_ProductRules1To9()[pri:2, instance:runner.ProductRunner@44a59da3]" started-at="2021-11-03T13:49:26 SAST" name="TC_ProductRules1To9" finished-at="2021-11-03T13:49:33 SAST" duration-ms="7689" status="PASS">
          <reporter-output>
          </reporter-output>
        </test-method> <!-- TC_ProductRules1To9 -->
        <test-method is-config="true" signature="EndTests()[pri:0, instance:runner.ProductRunner@44a59da3]" started-at="2021-11-03T13:49:33 SAST" name="EndTests" finished-at="2021-11-03T13:49:34 SAST" duration-ms="419" status="PASS">
          <reporter-output>
          </reporter-output>
        </test-method> <!-- EndTests -->
      </class> <!-- runner.ProductRunner -->
    </test> <!-- Default test -->
  </suite> <!-- Default suite -->
</testng-results>
