<?xml version="1.0" encoding="UTF-8"?>
<testng-results ignored="0" total="9" passed="9" failed="0" skipped="0">
  <reporter-output>
  </reporter-output>
  <suite started-at="2021-10-15T08:03:02 SAST" name="Default suite" finished-at="2021-10-15T08:07:40 SAST" duration-ms="278656">
    <groups>
    </groups>
    <test started-at="2021-10-15T08:03:02 SAST" name="Default test" finished-at="2021-10-15T08:07:40 SAST" duration-ms="278656">
      <class name="runner.PolicyRunner">
        <test-method signature="PolicybyPolicyReference()[pri:24, instance:runner.PolicyRunner@70cf32e3]" started-at="2021-10-15T08:03:02 SAST" name="PolicybyPolicyReference" finished-at="2021-10-15T08:03:21 SAST" duration-ms="18840" status="PASS">
          <reporter-output>
          </reporter-output>
        </test-method> <!-- PolicybyPolicyReference -->
        <test-method signature="PolicyListbyPolicyNumber()[pri:25, instance:runner.PolicyRunner@70cf32e3]" started-at="2021-10-15T08:03:21 SAST" name="PolicyListbyPolicyNumber" finished-at="2021-10-15T08:04:01 SAST" duration-ms="40061" status="PASS">
          <reporter-output>
          </reporter-output>
        </test-method> <!-- PolicyListbyPolicyNumber -->
        <test-method signature="PolicybyIdentityNumber()[pri:26, instance:runner.PolicyRunner@70cf32e3]" started-at="2021-10-15T08:04:01 SAST" name="PolicybyIdentityNumber" finished-at="2021-10-15T08:04:24 SAST" duration-ms="23151" status="PASS">
          <reporter-output>
          </reporter-output>
        </test-method> <!-- PolicybyIdentityNumber -->
        <test-method signature="DocumentsbyPolicyReference()[pri:27, instance:runner.PolicyRunner@70cf32e3]" started-at="2021-10-15T08:04:24 SAST" name="DocumentsbyPolicyReference" finished-at="2021-10-15T08:05:47 SAST" duration-ms="83371" status="PASS">
          <reporter-output>
          </reporter-output>
        </test-method> <!-- DocumentsbyPolicyReference -->
        <test-method signature="UpdateBankAccountAndDebitDay()[pri:28, instance:runner.PolicyRunner@70cf32e3]" started-at="2021-10-15T08:05:47 SAST" name="UpdateBankAccountAndDebitDay" finished-at="2021-10-15T08:06:17 SAST" duration-ms="29876" status="PASS">
          <reporter-output>
          </reporter-output>
        </test-method> <!-- UpdateBankAccountAndDebitDay -->
        <test-method signature="TESTPolicyHolderUpdate()[pri:29, instance:runner.PolicyRunner@70cf32e3]" started-at="2021-10-15T08:06:17 SAST" name="TESTPolicyHolderUpdate" finished-at="2021-10-15T08:06:29 SAST" duration-ms="12058" status="PASS">
          <reporter-output>
          </reporter-output>
        </test-method> <!-- TESTPolicyHolderUpdate -->
        <test-method signature="UpdatePolicyHolder()[pri:30, instance:runner.PolicyRunner@70cf32e3]" started-at="2021-10-15T08:06:29 SAST" name="UpdatePolicyHolder" finished-at="2021-10-15T08:06:41 SAST" duration-ms="12270" status="PASS">
          <reporter-output>
          </reporter-output>
        </test-method> <!-- UpdatePolicyHolder -->
        <test-method signature="ChangeBeneficiaries()[pri:31, instance:runner.PolicyRunner@70cf32e3]" started-at="2021-10-15T08:06:41 SAST" name="ChangeBeneficiaries" finished-at="2021-10-15T08:07:19 SAST" duration-ms="38108" status="PASS">
          <reporter-output>
          </reporter-output>
        </test-method> <!-- ChangeBeneficiaries -->
        <test-method signature="UploadDocument()[pri:32, instance:runner.PolicyRunner@70cf32e3]" started-at="2021-10-15T08:07:19 SAST" name="UploadDocument" finished-at="2021-10-15T08:07:40 SAST" duration-ms="20465" status="PASS">
          <reporter-output>
          </reporter-output>
        </test-method> <!-- UploadDocument -->
        <test-method is-config="true" signature="EndTests()[pri:0, instance:runner.PolicyRunner@70cf32e3]" started-at="2021-10-15T08:07:40 SAST" name="EndTests" finished-at="2021-10-15T08:07:40 SAST" duration-ms="335" status="PASS">
          <reporter-output>
          </reporter-output>
        </test-method> <!-- EndTests -->
      </class> <!-- runner.PolicyRunner -->
    </test> <!-- Default test -->
  </suite> <!-- Default suite -->
</testng-results>
