<?xml version="1.0" encoding="UTF-8"?>
<testng-results ignored="3" total="4" passed="1" failed="0" skipped="0">
  <reporter-output>
  </reporter-output>
  <suite started-at="2021-10-18T15:11:10 SAST" name="Default suite" finished-at="2021-10-18T15:11:58 SAST" duration-ms="48042">
    <groups>
    </groups>
    <test started-at="2021-10-18T15:11:10 SAST" name="Default test" finished-at="2021-10-18T15:11:58 SAST" duration-ms="48042">
      <class name="runner.CollectionRunner">
        <test-method signature="TC01PolicyByReferenceNumber()[pri:1, instance:runner.CollectionRunner@312aa7c]" started-at="2021-10-18T15:11:10 SAST" name="TC01PolicyByReferenceNumber" finished-at="2021-10-18T15:11:58 SAST" duration-ms="47699" status="PASS">
          <reporter-output>
          </reporter-output>
        </test-method> <!-- TC01PolicyByReferenceNumber -->
        <test-method is-config="true" signature="EndTests()[pri:0, instance:runner.CollectionRunner@312aa7c]" started-at="2021-10-18T15:11:58 SAST" name="EndTests" finished-at="2021-10-18T15:11:58 SAST" duration-ms="310" status="PASS">
          <reporter-output>
          </reporter-output>
        </test-method> <!-- EndTests -->
      </class> <!-- runner.CollectionRunner -->
    </test> <!-- Default test -->
  </suite> <!-- Default suite -->
</testng-results>
