<?xml version="1.0" encoding="UTF-8"?>
<testng-results ignored="5" total="6" passed="1" failed="0" skipped="0">
  <reporter-output>
  </reporter-output>
  <suite started-at="2021-10-07T07:25:05 SAST" name="Default suite" finished-at="2021-10-07T07:25:10 SAST" duration-ms="5610">
    <groups>
    </groups>
    <test started-at="2021-10-07T07:25:05 SAST" name="Default test" finished-at="2021-10-07T07:25:10 SAST" duration-ms="5610">
      <class name="runner.bankServiceRunner">
        <test-method signature="QueryBranchByBankCode()[pri:37, instance:runner.bankServiceRunner@312aa7c]" started-at="2021-10-07T07:25:05 SAST" name="QueryBranchByBankCode" finished-at="2021-10-07T07:25:10 SAST" duration-ms="5249" status="PASS">
          <reporter-output>
          </reporter-output>
        </test-method> <!-- QueryBranchByBankCode -->
        <test-method is-config="true" signature="EndTests()[pri:0, instance:runner.bankServiceRunner@312aa7c]" started-at="2021-10-07T07:25:10 SAST" name="EndTests" finished-at="2021-10-07T07:25:10 SAST" duration-ms="319" status="PASS">
          <reporter-output>
          </reporter-output>
        </test-method> <!-- EndTests -->
      </class> <!-- runner.bankServiceRunner -->
    </test> <!-- Default test -->
  </suite> <!-- Default suite -->
</testng-results>
