<?xml version="1.0" encoding="UTF-8"?>
<testng-results skipped="0" failed="0" ignored="1" total="2" passed="1">
  <reporter-output>
  </reporter-output>
  <suite name="Default suite" duration-ms="6272" started-at="2021-11-05T15:51:01 SAST" finished-at="2021-11-05T15:51:07 SAST">
    <groups>
    </groups>
    <test name="Default test" duration-ms="6272" started-at="2021-11-05T15:51:01 SAST" finished-at="2021-11-05T15:51:07 SAST">
      <class name="runner.ProductRunner">
        <test-method status="PASS" signature="TC_Rates1To3()[pri:1, instance:runner.ProductRunner@4de4b452]" name="TC_Rates1To3" duration-ms="5915" started-at="2021-11-05T15:51:01 SAST" finished-at="2021-11-05T15:51:07 SAST">
          <reporter-output>
          </reporter-output>
        </test-method> <!-- TC_Rates1To3 -->
        <test-method status="PASS" signature="EndTests()[pri:0, instance:runner.ProductRunner@4de4b452]" name="EndTests" is-config="true" duration-ms="299" started-at="2021-11-05T15:51:07 SAST" finished-at="2021-11-05T15:51:07 SAST">
          <reporter-output>
          </reporter-output>
        </test-method> <!-- EndTests -->
      </class> <!-- runner.ProductRunner -->
    </test> <!-- Default test -->
  </suite> <!-- Default suite -->
</testng-results>
