<?xml version="1.0" encoding="UTF-8"?>
<testng-results skipped="0" failed="0" ignored="13" total="14" passed="1">
  <reporter-output>
  </reporter-output>
  <suite name="Default suite" duration-ms="9145" started-at="2021-10-08T13:15:26 SAST" finished-at="2021-10-08T13:15:35 SAST">
    <groups>
    </groups>
    <test name="Default test" duration-ms="9145" started-at="2021-10-08T13:15:26 SAST" finished-at="2021-10-08T13:15:35 SAST">
      <class name="runner.PolicyRunner">
        <test-method status="PASS" signature="PolicybyPolicyReference()[pri:24, instance:runner.PolicyRunner@185a6e9]" name="PolicybyPolicyReference" duration-ms="9092" started-at="2021-10-08T13:15:26 SAST" finished-at="2021-10-08T13:15:35 SAST">
          <reporter-output>
          </reporter-output>
        </test-method> <!-- PolicybyPolicyReference -->
      </class> <!-- runner.PolicyRunner -->
    </test> <!-- Default test -->
  </suite> <!-- Default suite -->
</testng-results>
