<?xml version="1.0" encoding="UTF-8"?>
<testng-results ignored="10" total="11" passed="1" failed="0" skipped="0">
  <reporter-output>
  </reporter-output>
  <suite started-at="2021-10-25T05:54:55 SAST" name="Default suite" finished-at="2021-10-25T05:55:04 SAST" duration-ms="9147">
    <groups>
    </groups>
    <test started-at="2021-10-25T05:54:55 SAST" name="Default test" finished-at="2021-10-25T05:55:04 SAST" duration-ms="9147">
      <class name="runner.PartyVerificationRestRunner">
        <test-method signature="TC_013_PersonVerification_RiskRating_High_Passport()[pri:13, instance:runner.PartyVerificationRestRunner@6b695b06]" started-at="2021-10-25T05:54:55 SAST" name="TC_013_PersonVerification_RiskRating_High_Passport" finished-at="2021-10-25T05:55:04 SAST" duration-ms="8816" status="PASS">
          <reporter-output>
          </reporter-output>
        </test-method> <!-- TC_013_PersonVerification_RiskRating_High_Passport -->
        <test-method is-config="true" signature="EndTests()[pri:0, instance:runner.PartyVerificationRestRunner@6b695b06]" started-at="2021-10-25T05:55:04 SAST" name="EndTests" finished-at="2021-10-25T05:55:04 SAST" duration-ms="295" status="PASS">
          <reporter-output>
          </reporter-output>
        </test-method> <!-- EndTests -->
      </class> <!-- runner.PartyVerificationRestRunner -->
    </test> <!-- Default test -->
  </suite> <!-- Default suite -->
</testng-results>
