<?xml version="1.0" encoding="UTF-8"?>
<testng-results skipped="0" failed="0" ignored="10" total="11" passed="1">
  <reporter-output>
  </reporter-output>
  <suite name="Default suite" duration-ms="15184" started-at="2021-09-29T13:37:53 CAT" finished-at="2021-09-29T13:38:08 CAT">
    <groups>
    </groups>
    <test name="Default test" duration-ms="15184" started-at="2021-09-29T13:37:53 CAT" finished-at="2021-09-29T13:38:08 CAT">
      <class name="runner.ApiTests">
        <test-method status="PASS" signature="f4()[pri:4, instance:runner.ApiTests@45c7e403]" name="f4" duration-ms="14992" started-at="2021-09-29T13:37:53 CAT" finished-at="2021-09-29T13:38:08 CAT">
          <reporter-output>
          </reporter-output>
        </test-method> <!-- f4 -->
        <test-method status="PASS" signature="EndTests()[pri:0, instance:runner.ApiTests@45c7e403]" name="EndTests" is-config="true" duration-ms="158" started-at="2021-09-29T13:38:08 CAT" finished-at="2021-09-29T13:38:08 CAT">
          <reporter-output>
          </reporter-output>
        </test-method> <!-- EndTests -->
      </class> <!-- runner.ApiTests -->
    </test> <!-- Default test -->
  </suite> <!-- Default suite -->
</testng-results>
