<?xml version="1.0" encoding="UTF-8"?>
<testng-results ignored="14" total="15" passed="1" failed="0" skipped="0">
  <reporter-output>
  </reporter-output>
  <suite started-at="2021-10-07T12:35:24 SAST" name="Default suite" finished-at="2021-10-07T12:35:31 SAST" duration-ms="6224">
    <groups>
    </groups>
    <test started-at="2021-10-07T12:35:24 SAST" name="Default test" finished-at="2021-10-07T12:35:31 SAST" duration-ms="6224">
      <class name="runner.bankServiceRunner">
        <test-method signature="QueryBranchByBankCode()[pri:5, instance:runner.bankServiceRunner@6f53b8a]" started-at="2021-10-07T12:35:24 SAST" name="QueryBranchByBankCode" finished-at="2021-10-07T12:35:30 SAST" duration-ms="5855" status="PASS">
          <reporter-output>
          </reporter-output>
        </test-method> <!-- QueryBranchByBankCode -->
        <test-method is-config="true" signature="EndTests()[pri:0, instance:runner.bankServiceRunner@6f53b8a]" started-at="2021-10-07T12:35:30 SAST" name="EndTests" finished-at="2021-10-07T12:35:31 SAST" duration-ms="323" status="PASS">
          <reporter-output>
          </reporter-output>
        </test-method> <!-- EndTests -->
      </class> <!-- runner.bankServiceRunner -->
    </test> <!-- Default test -->
  </suite> <!-- Default suite -->
</testng-results>
