<?xml version="1.0" encoding="UTF-8"?>
<testng-results skipped="0" failed="0" ignored="1" total="2" passed="1">
  <reporter-output>
  </reporter-output>
  <suite name="Default suite" duration-ms="13182" started-at="2021-11-04T10:14:23 SAST" finished-at="2021-11-04T10:14:36 SAST">
    <groups>
    </groups>
    <test name="Default test" duration-ms="13182" started-at="2021-11-04T10:14:23 SAST" finished-at="2021-11-04T10:14:36 SAST">
      <class name="runner.ProductRunner">
        <test-method status="PASS" signature="TC_ProductRules1To9()[pri:2, instance:runner.ProductRunner@4de4b452]" name="TC_ProductRules1To9" duration-ms="12821" started-at="2021-11-04T10:14:23 SAST" finished-at="2021-11-04T10:14:35 SAST">
          <reporter-output>
          </reporter-output>
        </test-method> <!-- TC_ProductRules1To9 -->
        <test-method status="PASS" signature="EndTests()[pri:0, instance:runner.ProductRunner@4de4b452]" name="EndTests" is-config="true" duration-ms="295" started-at="2021-11-04T10:14:35 SAST" finished-at="2021-11-04T10:14:36 SAST">
          <reporter-output>
          </reporter-output>
        </test-method> <!-- EndTests -->
      </class> <!-- runner.ProductRunner -->
    </test> <!-- Default test -->
  </suite> <!-- Default suite -->
</testng-results>
