<?xml version="1.0" encoding="UTF-8"?>
<testng-results skipped="0" failed="0" ignored="8" total="9" passed="1">
  <reporter-output>
  </reporter-output>
  <suite name="Default suite" duration-ms="10102" started-at="2021-10-22T16:45:17 SAST" finished-at="2021-10-22T16:45:27 SAST">
    <groups>
    </groups>
    <test name="Default test" duration-ms="10102" started-at="2021-10-22T16:45:17 SAST" finished-at="2021-10-22T16:45:27 SAST">
      <class name="runner.PartyVerificationRestRunner">
        <test-method status="PASS" signature="TC_009_PersonVerification_RiskRating_High_ID()[pri:9, instance:runner.PartyVerificationRestRunner@710f4dc7]" name="TC_009_PersonVerification_RiskRating_High_ID" duration-ms="9732" started-at="2021-10-22T16:45:17 SAST" finished-at="2021-10-22T16:45:27 SAST">
          <reporter-output>
          </reporter-output>
        </test-method> <!-- TC_009_PersonVerification_RiskRating_High_ID -->
        <test-method status="PASS" signature="EndTests()[pri:0, instance:runner.PartyVerificationRestRunner@710f4dc7]" name="EndTests" is-config="true" duration-ms="320" started-at="2021-10-22T16:45:27 SAST" finished-at="2021-10-22T16:45:27 SAST">
          <reporter-output>
          </reporter-output>
        </test-method> <!-- EndTests -->
      </class> <!-- runner.PartyVerificationRestRunner -->
    </test> <!-- Default test -->
  </suite> <!-- Default suite -->
</testng-results>
