<?xml version="1.0" encoding="UTF-8"?>
<testng-results ignored="1" total="2" passed="1" failed="0" skipped="0">
  <reporter-output>
  </reporter-output>
  <suite started-at="2023-03-16T09:52:52 SAST" name="Default suite" finished-at="2023-03-16T09:53:02 SAST" duration-ms="10181">
    <groups>
    </groups>
    <test started-at="2023-03-16T09:52:52 SAST" name="Default test" finished-at="2023-03-16T09:53:02 SAST" duration-ms="10181">
      <class name="runner.Runner">
        <test-method signature="AddPet()[pri:1, instance:runner.Runner@4b5189ac]" started-at="2023-03-16T09:52:52 SAST" name="AddPet" finished-at="2023-03-16T09:53:02 SAST" duration-ms="9693" status="PASS">
          <reporter-output>
          </reporter-output>
        </test-method> <!-- AddPet -->
        <test-method is-config="true" signature="EndTests()[pri:0, instance:runner.Runner@4b5189ac]" started-at="2023-03-16T09:53:02 SAST" name="EndTests" finished-at="2023-03-16T09:53:02 SAST" duration-ms="428" status="PASS">
          <reporter-output>
          </reporter-output>
        </test-method> <!-- EndTests -->
      </class> <!-- runner.Runner -->
    </test> <!-- Default test -->
  </suite> <!-- Default suite -->
</testng-results>
