<?xml version="1.0" encoding="UTF-8"?>
<testng-results ignored="1" total="2" passed="1" failed="0" skipped="0">
  <reporter-output>
  </reporter-output>
  <suite started-at="2021-11-04T21:26:05 SAST" name="Default suite" finished-at="2021-11-04T21:26:18 SAST" duration-ms="12773">
    <groups>
    </groups>
    <test started-at="2021-11-04T21:26:05 SAST" name="Default test" finished-at="2021-11-04T21:26:18 SAST" duration-ms="12773">
      <class name="runner.ProductRunner">
        <test-method signature="TC_Rates1To3()[pri:1, instance:runner.ProductRunner@44a59da3]" started-at="2021-11-04T21:26:05 SAST" name="TC_Rates1To3" finished-at="2021-11-04T21:26:18 SAST" duration-ms="12332" status="PASS">
          <reporter-output>
          </reporter-output>
        </test-method> <!-- TC_Rates1To3 -->
        <test-method is-config="true" signature="EndTests()[pri:0, instance:runner.ProductRunner@44a59da3]" started-at="2021-11-04T21:26:18 SAST" name="EndTests" finished-at="2021-11-04T21:26:18 SAST" duration-ms="388" status="PASS">
          <reporter-output>
          </reporter-output>
        </test-method> <!-- EndTests -->
      </class> <!-- runner.ProductRunner -->
    </test> <!-- Default test -->
  </suite> <!-- Default suite -->
</testng-results>
