<?xml version="1.0" encoding="UTF-8"?>
<testng-results skipped="0" failed="1" ignored="4" total="14" passed="9">
  <reporter-output>
  </reporter-output>
  <suite name="Default suite" duration-ms="263827" started-at="2021-10-13T15:05:17 SAST" finished-at="2021-10-13T15:09:41 SAST">
    <groups>
    </groups>
    <test name="Default test" duration-ms="263827" started-at="2021-10-13T15:05:17 SAST" finished-at="2021-10-13T15:09:41 SAST">
      <class name="runner.PolicyRunner">
        <test-method status="PASS" signature="PolicybyPolicyReference()[pri:24, instance:runner.PolicyRunner@279fedbd]" name="PolicybyPolicyReference" duration-ms="10136" started-at="2021-10-13T15:05:17 SAST" finished-at="2021-10-13T15:05:27 SAST">
          <reporter-output>
          </reporter-output>
        </test-method> <!-- PolicybyPolicyReference -->
        <test-method status="PASS" signature="PolicyListbyPolicyNumber()[pri:25, instance:runner.PolicyRunner@279fedbd]" name="PolicyListbyPolicyNumber" duration-ms="23728" started-at="2021-10-13T15:05:27 SAST" finished-at="2021-10-13T15:05:51 SAST">
          <reporter-output>
          </reporter-output>
        </test-method> <!-- PolicyListbyPolicyNumber -->
        <test-method status="PASS" signature="PolicybyIdentityNumber()[pri:26, instance:runner.PolicyRunner@279fedbd]" name="PolicybyIdentityNumber" duration-ms="60807" started-at="2021-10-13T15:05:51 SAST" finished-at="2021-10-13T15:06:52 SAST">
          <reporter-output>
          </reporter-output>
        </test-method> <!-- PolicybyIdentityNumber -->
        <test-method status="PASS" signature="DocumentsbyPolicyReference()[pri:27, instance:runner.PolicyRunner@279fedbd]" name="DocumentsbyPolicyReference" duration-ms="73674" started-at="2021-10-13T15:06:52 SAST" finished-at="2021-10-13T15:08:06 SAST">
          <reporter-output>
          </reporter-output>
        </test-method> <!-- DocumentsbyPolicyReference -->
        <test-method status="PASS" signature="UpdateBankAccountAndDebitDay()[pri:28, instance:runner.PolicyRunner@279fedbd]" name="UpdateBankAccountAndDebitDay" duration-ms="20496" started-at="2021-10-13T15:08:06 SAST" finished-at="2021-10-13T15:08:26 SAST">
          <reporter-output>
          </reporter-output>
        </test-method> <!-- UpdateBankAccountAndDebitDay -->
        <test-method status="PASS" signature="TESTPolicyHolderUpdate()[pri:29, instance:runner.PolicyRunner@279fedbd]" name="TESTPolicyHolderUpdate" duration-ms="10813" started-at="2021-10-13T15:08:26 SAST" finished-at="2021-10-13T15:08:37 SAST">
          <reporter-output>
          </reporter-output>
        </test-method> <!-- TESTPolicyHolderUpdate -->
        <test-method status="PASS" signature="ChangeBeneficiaries()[pri:30, instance:runner.PolicyRunner@279fedbd]" name="ChangeBeneficiaries" duration-ms="26308" started-at="2021-10-13T15:08:37 SAST" finished-at="2021-10-13T15:09:03 SAST">
          <reporter-output>
          </reporter-output>
        </test-method> <!-- ChangeBeneficiaries -->
        <test-method status="PASS" signature="UploadDocument()[pri:30, instance:runner.PolicyRunner@279fedbd]" name="UploadDocument" duration-ms="23008" started-at="2021-10-13T15:09:03 SAST" finished-at="2021-10-13T15:09:26 SAST">
          <reporter-output>
          </reporter-output>
        </test-method> <!-- UploadDocument -->
        <test-method status="FAIL" signature="NIFPolicyHolderUpdate()[pri:31, instance:runner.PolicyRunner@279fedbd]" name="NIFPolicyHolderUpdate" duration-ms="3129" started-at="2021-10-13T15:09:26 SAST" finished-at="2021-10-13T15:09:29 SAST">
          <exception class="java.lang.AssertionError">
            <message>
              <![CDATA[The following asserts failed:
expected [true] but found [false]]]>
            </message>
            <full-stacktrace>
              <![CDATA[java.lang.AssertionError: The following asserts failed:
expected [true] but found [false]
at org.testng.asserts.SoftAssert.assertAll(SoftAssert.java:47)
at org.testng.asserts.SoftAssert.assertAll(SoftAssert.java:31)
at runner.PolicyRunner.NIFPolicyHolderUpdate(PolicyRunner.java:104)
at sun.reflect.NativeMethodAccessorImpl.invoke0(Native Method)
at sun.reflect.NativeMethodAccessorImpl.invoke(NativeMethodAccessorImpl.java:62)
at sun.reflect.DelegatingMethodAccessorImpl.invoke(DelegatingMethodAccessorImpl.java:43)
at java.lang.reflect.Method.invoke(Method.java:498)
at org.testng.internal.MethodInvocationHelper.invokeMethod(MethodInvocationHelper.java:133)
at org.testng.internal.TestInvoker.invokeMethod(TestInvoker.java:598)
at org.testng.internal.TestInvoker.invokeTestMethod(TestInvoker.java:173)
at org.testng.internal.MethodRunner.runInSequence(MethodRunner.java:46)
at org.testng.internal.TestInvoker$MethodInvocationAgent.invoke(TestInvoker.java:824)
at org.testng.internal.TestInvoker.invokeTestMethods(TestInvoker.java:146)
at org.testng.internal.TestMethodWorker.invokeTestMethods(TestMethodWorker.java:146)
at org.testng.internal.TestMethodWorker.run(TestMethodWorker.java:128)
at java.util.ArrayList.forEach(ArrayList.java:1259)
at org.testng.TestRunner.privateRun(TestRunner.java:794)
at org.testng.TestRunner.run(TestRunner.java:596)
at org.testng.SuiteRunner.runTest(SuiteRunner.java:377)
at org.testng.SuiteRunner.runSequentially(SuiteRunner.java:371)
at org.testng.SuiteRunner.privateRun(SuiteRunner.java:332)
at org.testng.SuiteRunner.run(SuiteRunner.java:276)
at org.testng.SuiteRunnerWorker.runSuite(SuiteRunnerWorker.java:53)
at org.testng.SuiteRunnerWorker.run(SuiteRunnerWorker.java:96)
at org.testng.TestNG.runSuitesSequentially(TestNG.java:1212)
at org.testng.TestNG.runSuitesLocally(TestNG.java:1134)
at org.testng.TestNG.runSuites(TestNG.java:1063)
at org.testng.TestNG.run(TestNG.java:1031)
at org.testng.remote.AbstractRemoteTestNG.run(AbstractRemoteTestNG.java:115)
at org.testng.remote.RemoteTestNG.initAndRun(RemoteTestNG.java:251)
at org.testng.remote.RemoteTestNG.main(RemoteTestNG.java:77)
]]>
            </full-stacktrace>
          </exception> <!-- java.lang.AssertionError -->
          <reporter-output>
          </reporter-output>
        </test-method> <!-- NIFPolicyHolderUpdate -->
        <test-method status="PASS" signature="UpdatePolicyHolder()[pri:31, instance:runner.PolicyRunner@279fedbd]" name="UpdatePolicyHolder" duration-ms="11248" started-at="2021-10-13T15:09:29 SAST" finished-at="2021-10-13T15:09:41 SAST">
          <reporter-output>
          </reporter-output>
        </test-method> <!-- UpdatePolicyHolder -->
        <test-method status="PASS" signature="EndTests()[pri:0, instance:runner.PolicyRunner@279fedbd]" name="EndTests" is-config="true" duration-ms="324" started-at="2021-10-13T15:09:41 SAST" finished-at="2021-10-13T15:09:41 SAST">
          <reporter-output>
          </reporter-output>
        </test-method> <!-- EndTests -->
      </class> <!-- runner.PolicyRunner -->
    </test> <!-- Default test -->
  </suite> <!-- Default suite -->
</testng-results>
