<?xml version="1.0" encoding="UTF-8"?>
<testng-results ignored="21" total="22" passed="1" failed="0" skipped="0">
  <reporter-output>
  </reporter-output>
  <suite started-at="2021-10-05T08:30:23 SAST" name="Default suite" finished-at="2021-10-05T08:30:32 SAST" duration-ms="9207">
    <groups>
    </groups>
    <test started-at="2021-10-05T08:30:23 SAST" name="Default test" finished-at="2021-10-05T08:30:32 SAST" duration-ms="9207">
      <class name="runner.ApiTests">
        <test-method signature="Rates()[pri:17, instance:runner.ApiTests@6d1ef78d]" started-at="2021-10-05T08:30:23 SAST" name="Rates" finished-at="2021-10-05T08:30:32 SAST" duration-ms="8881" status="PASS">
          <reporter-output>
          </reporter-output>
        </test-method> <!-- Rates -->
        <test-method is-config="true" signature="EndTests()[pri:0, instance:runner.ApiTests@6d1ef78d]" started-at="2021-10-05T08:30:32 SAST" name="EndTests" finished-at="2021-10-05T08:30:32 SAST" duration-ms="273" status="PASS">
          <reporter-output>
          </reporter-output>
        </test-method> <!-- EndTests -->
      </class> <!-- runner.ApiTests -->
    </test> <!-- Default test -->
  </suite> <!-- Default suite -->
</testng-results>
