<?xml version="1.0" encoding="UTF-8"?>
<testng-results ignored="0" total="1" passed="1" failed="0" skipped="0">
  <reporter-output>
  </reporter-output>
  <suite started-at="2021-11-22T22:45:01 SAST" name="Default suite" finished-at="2021-11-22T22:45:09 SAST" duration-ms="8559">
    <groups>
    </groups>
    <test started-at="2021-11-22T22:45:01 SAST" name="Default test" finished-at="2021-11-22T22:45:09 SAST" duration-ms="8559">
      <class name="runner.Runner">
        <test-method signature="AddPet()[pri:1, instance:runner.Runner@f14a7d4]" started-at="2021-11-22T22:45:01 SAST" name="AddPet" finished-at="2021-11-22T22:45:09 SAST" duration-ms="8131" status="PASS">
          <reporter-output>
          </reporter-output>
        </test-method> <!-- AddPet -->
        <test-method is-config="true" signature="EndTests()[pri:0, instance:runner.Runner@f14a7d4]" started-at="2021-11-22T22:45:09 SAST" name="EndTests" finished-at="2021-11-22T22:45:09 SAST" duration-ms="353" status="PASS">
          <reporter-output>
          </reporter-output>
        </test-method> <!-- EndTests -->
      </class> <!-- runner.Runner -->
    </test> <!-- Default test -->
  </suite> <!-- Default suite -->
</testng-results>
