<?xml version="1.0" encoding="UTF-8"?>
<testng-results ignored="13" total="14" passed="1" failed="0" skipped="0">
  <reporter-output>
  </reporter-output>
  <suite started-at="2021-10-25T09:36:32 SAST" name="Default suite" finished-at="2021-10-25T09:36:38 SAST" duration-ms="5391">
    <groups>
    </groups>
    <test started-at="2021-10-25T09:36:32 SAST" name="Default test" finished-at="2021-10-25T09:36:38 SAST" duration-ms="5391">
      <class name="runner.ApplicationRunner">
        <test-method signature="CreateApplication()[pri:1, instance:runner.ApplicationRunner@79c97cb]" started-at="2021-10-25T09:36:32 SAST" name="CreateApplication" finished-at="2021-10-25T09:36:38 SAST" duration-ms="5021" status="PASS">
          <reporter-output>
          </reporter-output>
        </test-method> <!-- CreateApplication -->
        <test-method is-config="true" signature="EndTests()[pri:0, instance:runner.ApplicationRunner@79c97cb]" started-at="2021-10-25T09:36:38 SAST" name="EndTests" finished-at="2021-10-25T09:36:38 SAST" duration-ms="318" status="PASS">
          <reporter-output>
          </reporter-output>
        </test-method> <!-- EndTests -->
      </class> <!-- runner.ApplicationRunner -->
    </test> <!-- Default test -->
  </suite> <!-- Default suite -->
</testng-results>
