<?xml version="1.0" encoding="UTF-8"?>
<testng-results ignored="4" total="35" passed="31" failed="0" skipped="0">
  <reporter-output>
  </reporter-output>
  <suite started-at="2021-10-06T07:27:40 SAST" name="Default suite" finished-at="2021-10-06T07:31:40 SAST" duration-ms="240422">
    <groups>
    </groups>
    <test started-at="2021-10-06T07:27:40 SAST" name="Default test" finished-at="2021-10-06T07:31:40 SAST" duration-ms="240422">
      <class name="runner.ApiTests">
        <test-method signature="f4()[pri:4, instance:runner.ApiTests@6ee6f53]" started-at="2021-10-06T07:27:40 SAST" name="f4" finished-at="2021-10-06T07:27:52 SAST" duration-ms="11804" status="PASS">
          <reporter-output>
          </reporter-output>
        </test-method> <!-- f4 -->
        <test-method signature="f5()[pri:5, instance:runner.ApiTests@6ee6f53]" started-at="2021-10-06T07:27:52 SAST" name="f5" finished-at="2021-10-06T07:27:56 SAST" duration-ms="3754" status="PASS">
          <reporter-output>
          </reporter-output>
        </test-method> <!-- f5 -->
        <test-method signature="f6()[pri:6, instance:runner.ApiTests@6ee6f53]" started-at="2021-10-06T07:27:56 SAST" name="f6" finished-at="2021-10-06T07:28:05 SAST" duration-ms="9014" status="PASS">
          <reporter-output>
          </reporter-output>
        </test-method> <!-- f6 -->
        <test-method signature="f7()[pri:7, instance:runner.ApiTests@6ee6f53]" started-at="2021-10-06T07:28:05 SAST" name="f7" finished-at="2021-10-06T07:28:07 SAST" duration-ms="2770" status="PASS">
          <reporter-output>
          </reporter-output>
        </test-method> <!-- f7 -->
        <test-method signature="f8()[pri:8, instance:runner.ApiTests@6ee6f53]" started-at="2021-10-06T07:28:07 SAST" name="f8" finished-at="2021-10-06T07:28:10 SAST" duration-ms="2452" status="PASS">
          <reporter-output>
          </reporter-output>
        </test-method> <!-- f8 -->
        <test-method signature="f9()[pri:9, instance:runner.ApiTests@6ee6f53]" started-at="2021-10-06T07:28:10 SAST" name="f9" finished-at="2021-10-06T07:28:10 SAST" duration-ms="149" status="PASS">
          <reporter-output>
          </reporter-output>
        </test-method> <!-- f9 -->
        <test-method signature="f10()[pri:10, instance:runner.ApiTests@6ee6f53]" started-at="2021-10-06T07:28:10 SAST" name="f10" finished-at="2021-10-06T07:28:13 SAST" duration-ms="2724" status="PASS">
          <reporter-output>
          </reporter-output>
        </test-method> <!-- f10 -->
        <test-method signature="CreateApplication()[pri:11, instance:runner.ApiTests@6ee6f53]" started-at="2021-10-06T07:28:13 SAST" name="CreateApplication" finished-at="2021-10-06T07:28:23 SAST" duration-ms="10520" status="PASS">
          <reporter-output>
          </reporter-output>
        </test-method> <!-- CreateApplication -->
        <test-method signature="createApplicationBenefits()[pri:12, instance:runner.ApiTests@6ee6f53]" started-at="2021-10-06T07:28:23 SAST" name="createApplicationBenefits" finished-at="2021-10-06T07:28:25 SAST" duration-ms="2022" status="PASS">
          <reporter-output>
          </reporter-output>
        </test-method> <!-- createApplicationBenefits -->
        <test-method signature="createApplicationBeneficiaries()[pri:13, instance:runner.ApiTests@6ee6f53]" started-at="2021-10-06T07:28:25 SAST" name="createApplicationBeneficiaries" finished-at="2021-10-06T07:28:27 SAST" duration-ms="1587" status="PASS">
          <reporter-output>
          </reporter-output>
        </test-method> <!-- createApplicationBeneficiaries -->
        <test-method signature="createApplicationStatus()[pri:14, instance:runner.ApiTests@6ee6f53]" started-at="2021-10-06T07:28:27 SAST" name="createApplicationStatus" finished-at="2021-10-06T07:28:28 SAST" duration-ms="1477" status="PASS">
          <reporter-output>
          </reporter-output>
        </test-method> <!-- createApplicationStatus -->
        <test-method signature="getApplication()[pri:15, instance:runner.ApiTests@6ee6f53]" started-at="2021-10-06T07:28:28 SAST" name="getApplication" finished-at="2021-10-06T07:28:30 SAST" duration-ms="1605" status="PASS">
          <reporter-output>
          </reporter-output>
        </test-method> <!-- getApplication -->
        <test-method signature="QualificationProduct60200000()[pri:16, instance:runner.ApiTests@6ee6f53]" started-at="2021-10-06T07:28:30 SAST" name="QualificationProduct60200000" finished-at="2021-10-06T07:28:37 SAST" duration-ms="6777" status="PASS">
          <reporter-output>
          </reporter-output>
        </test-method> <!-- QualificationProduct60200000 -->
        <test-method signature="QualificationProduct60200001NegetiveTest()[pri:17, instance:runner.ApiTests@6ee6f53]" started-at="2021-10-06T07:28:37 SAST" name="QualificationProduct60200001NegetiveTest" finished-at="2021-10-06T07:28:46 SAST" duration-ms="8909" status="PASS">
          <reporter-output>
          </reporter-output>
        </test-method> <!-- QualificationProduct60200001NegetiveTest -->
        <test-method signature="QualificationProduct1960()[pri:18, instance:runner.ApiTests@6ee6f53]" started-at="2021-10-06T07:28:46 SAST" name="QualificationProduct1960" finished-at="2021-10-06T07:28:47 SAST" duration-ms="1050" status="PASS">
          <reporter-output>
          </reporter-output>
        </test-method> <!-- QualificationProduct1960 -->
        <test-method signature="QualificationProduct60100000()[pri:19, instance:runner.ApiTests@6ee6f53]" started-at="2021-10-06T07:28:47 SAST" name="QualificationProduct60100000" finished-at="2021-10-06T07:29:05 SAST" duration-ms="18765" status="PASS">
          <reporter-output>
          </reporter-output>
        </test-method> <!-- QualificationProduct60100000 -->
        <test-method signature="QualificationProduct60100001NegetiveTest()[pri:20, instance:runner.ApiTests@6ee6f53]" started-at="2021-10-06T07:29:05 SAST" name="QualificationProduct60100001NegetiveTest" finished-at="2021-10-06T07:29:15 SAST" duration-ms="9406" status="PASS">
          <reporter-output>
          </reporter-output>
        </test-method> <!-- QualificationProduct60100001NegetiveTest -->
        <test-method signature="Rates()[pri:21, instance:runner.ApiTests@6ee6f53]" started-at="2021-10-06T07:29:15 SAST" name="Rates" finished-at="2021-10-06T07:29:16 SAST" duration-ms="1420" status="PASS">
          <reporter-output>
          </reporter-output>
        </test-method> <!-- Rates -->
        <test-method signature="CreateApplicationPolicyHolder()[pri:22, instance:runner.ApiTests@6ee6f53]" started-at="2021-10-06T07:29:16 SAST" name="CreateApplicationPolicyHolder" finished-at="2021-10-06T07:29:18 SAST" duration-ms="1677" status="PASS">
          <reporter-output>
          </reporter-output>
        </test-method> <!-- CreateApplicationPolicyHolder -->
        <test-method signature="CreateApplicationAcceptance()[pri:23, instance:runner.ApiTests@6ee6f53]" started-at="2021-10-06T07:29:18 SAST" name="CreateApplicationAcceptance" finished-at="2021-10-06T07:29:25 SAST" duration-ms="6698" status="PASS">
          <reporter-output>
          </reporter-output>
        </test-method> <!-- CreateApplicationAcceptance -->
        <test-method signature="CreateApplicationPremiumCollection()[pri:23, instance:runner.ApiTests@6ee6f53]" started-at="2021-10-06T07:29:25 SAST" name="CreateApplicationPremiumCollection" finished-at="2021-10-06T07:29:26 SAST" duration-ms="1405" status="PASS">
          <reporter-output>
          </reporter-output>
        </test-method> <!-- CreateApplicationPremiumCollection -->
        <test-method signature="PolicybyPolicyReference()[pri:24, instance:runner.ApiTests@6ee6f53]" started-at="2021-10-06T07:29:26 SAST" name="PolicybyPolicyReference" finished-at="2021-10-06T07:29:28 SAST" duration-ms="2211" status="PASS">
          <reporter-output>
          </reporter-output>
        </test-method> <!-- PolicybyPolicyReference -->
        <test-method signature="PolicyListbyPolicyNumber()[pri:25, instance:runner.ApiTests@6ee6f53]" started-at="2021-10-06T07:29:28 SAST" name="PolicyListbyPolicyNumber" finished-at="2021-10-06T07:29:42 SAST" duration-ms="14067" status="PASS">
          <reporter-output>
          </reporter-output>
        </test-method> <!-- PolicyListbyPolicyNumber -->
        <test-method signature="PolicybyIdentityNumber()[pri:26, instance:runner.ApiTests@6ee6f53]" started-at="2021-10-06T07:29:42 SAST" name="PolicybyIdentityNumber" finished-at="2021-10-06T07:30:01 SAST" duration-ms="18952" status="PASS">
          <reporter-output>
          </reporter-output>
        </test-method> <!-- PolicybyIdentityNumber -->
        <test-method signature="DocumentsbyPolicyReference()[pri:27, instance:runner.ApiTests@6ee6f53]" started-at="2021-10-06T07:30:01 SAST" name="DocumentsbyPolicyReference" finished-at="2021-10-06T07:31:16 SAST" duration-ms="74426" status="PASS">
          <reporter-output>
          </reporter-output>
        </test-method> <!-- DocumentsbyPolicyReference -->
        <test-method signature="UpdateBankAccountAndDebitDay()[pri:28, instance:runner.ApiTests@6ee6f53]" started-at="2021-10-06T07:31:16 SAST" name="UpdateBankAccountAndDebitDay" finished-at="2021-10-06T07:31:17 SAST" duration-ms="1318" status="PASS">
          <reporter-output>
          </reporter-output>
        </test-method> <!-- UpdateBankAccountAndDebitDay -->
        <test-method signature="TESTPolicyHolderUpdate()[pri:29, instance:runner.ApiTests@6ee6f53]" started-at="2021-10-06T07:31:17 SAST" name="TESTPolicyHolderUpdate" finished-at="2021-10-06T07:31:18 SAST" duration-ms="1265" status="PASS">
          <reporter-output>
          </reporter-output>
        </test-method> <!-- TESTPolicyHolderUpdate -->
        <test-method signature="ChangeBeneficiaries()[pri:30, instance:runner.ApiTests@6ee6f53]" started-at="2021-10-06T07:31:18 SAST" name="ChangeBeneficiaries" finished-at="2021-10-06T07:31:30 SAST" duration-ms="11996" status="PASS">
          <reporter-output>
          </reporter-output>
        </test-method> <!-- ChangeBeneficiaries -->
        <test-method signature="UploadDocument()[pri:30, instance:runner.ApiTests@6ee6f53]" started-at="2021-10-06T07:31:30 SAST" name="UploadDocument" finished-at="2021-10-06T07:31:38 SAST" duration-ms="7258" status="PASS">
          <reporter-output>
          </reporter-output>
        </test-method> <!-- UploadDocument -->
        <test-method signature="NIFPolicyHolderUpdate()[pri:31, instance:runner.ApiTests@6ee6f53]" started-at="2021-10-06T07:31:38 SAST" name="NIFPolicyHolderUpdate" finished-at="2021-10-06T07:31:39 SAST" duration-ms="1261" status="PASS">
          <reporter-output>
          </reporter-output>
        </test-method> <!-- NIFPolicyHolderUpdate -->
        <test-method signature="UpdatePolicyHolder()[pri:31, instance:runner.ApiTests@6ee6f53]" started-at="2021-10-06T07:31:39 SAST" name="UpdatePolicyHolder" finished-at="2021-10-06T07:31:40 SAST" duration-ms="1300" status="PASS">
          <reporter-output>
          </reporter-output>
        </test-method> <!-- UpdatePolicyHolder -->
        <test-method is-config="true" signature="EndTests()[pri:0, instance:runner.ApiTests@6ee6f53]" started-at="2021-10-06T07:31:40 SAST" name="EndTests" finished-at="2021-10-06T07:31:40 SAST" duration-ms="230" status="PASS">
          <reporter-output>
          </reporter-output>
        </test-method> <!-- EndTests -->
      </class> <!-- runner.ApiTests -->
    </test> <!-- Default test -->
  </suite> <!-- Default suite -->
</testng-results>
