<?xml version="1.0" encoding="UTF-8"?>
<testng-results ignored="0" total="9" passed="9" failed="0" skipped="0">
  <reporter-output>
  </reporter-output>
  <suite started-at="2021-10-26T12:25:36 SAST" name="Default suite" finished-at="2021-10-26T12:28:40 SAST" duration-ms="184059">
    <groups>
    </groups>
    <test started-at="2021-10-26T12:25:36 SAST" name="Default test" finished-at="2021-10-26T12:28:40 SAST" duration-ms="184059">
      <class name="runner.PolicyRunner">
        <test-method signature="PolicybyPolicyReference()[pri:1, instance:runner.PolicyRunner@55c53a33]" started-at="2021-10-26T12:25:36 SAST" name="PolicybyPolicyReference" finished-at="2021-10-26T12:25:48 SAST" duration-ms="11900" status="PASS">
          <reporter-output>
          </reporter-output>
        </test-method> <!-- PolicybyPolicyReference -->
        <test-method signature="PolicyListbyPolicyNumber()[pri:2, instance:runner.PolicyRunner@55c53a33]" started-at="2021-10-26T12:25:48 SAST" name="PolicyListbyPolicyNumber" finished-at="2021-10-26T12:26:12 SAST" duration-ms="23581" status="PASS">
          <reporter-output>
          </reporter-output>
        </test-method> <!-- PolicyListbyPolicyNumber -->
        <test-method signature="PolicybyIdentityNumber()[pri:3, instance:runner.PolicyRunner@55c53a33]" started-at="2021-10-26T12:26:12 SAST" name="PolicybyIdentityNumber" finished-at="2021-10-26T12:26:29 SAST" duration-ms="17048" status="PASS">
          <reporter-output>
          </reporter-output>
        </test-method> <!-- PolicybyIdentityNumber -->
        <test-method signature="DocumentsbyPolicyReference()[pri:4, instance:runner.PolicyRunner@55c53a33]" started-at="2021-10-26T12:26:29 SAST" name="DocumentsbyPolicyReference" finished-at="2021-10-26T12:27:28 SAST" duration-ms="58663" status="PASS">
          <reporter-output>
          </reporter-output>
        </test-method> <!-- DocumentsbyPolicyReference -->
        <test-method signature="UpdateBankAccountAndDebitDay()[pri:5, instance:runner.PolicyRunner@55c53a33]" started-at="2021-10-26T12:27:28 SAST" name="UpdateBankAccountAndDebitDay" finished-at="2021-10-26T12:27:50 SAST" duration-ms="21871" status="PASS">
          <reporter-output>
          </reporter-output>
        </test-method> <!-- UpdateBankAccountAndDebitDay -->
        <test-method signature="TESTPolicyHolderUpdate()[pri:6, instance:runner.PolicyRunner@55c53a33]" started-at="2021-10-26T12:27:50 SAST" name="TESTPolicyHolderUpdate" finished-at="2021-10-26T12:28:03 SAST" duration-ms="13187" status="PASS">
          <reporter-output>
          </reporter-output>
        </test-method> <!-- TESTPolicyHolderUpdate -->
        <test-method signature="UpdatePolicyHolder()[pri:7, instance:runner.PolicyRunner@55c53a33]" started-at="2021-10-26T12:28:03 SAST" name="UpdatePolicyHolder" finished-at="2021-10-26T12:28:22 SAST" duration-ms="18790" status="PASS">
          <reporter-output>
          </reporter-output>
        </test-method> <!-- UpdatePolicyHolder -->
        <test-method signature="ChangeBeneficiaries()[pri:8, instance:runner.PolicyRunner@55c53a33]" started-at="2021-10-26T12:28:22 SAST" name="ChangeBeneficiaries" finished-at="2021-10-26T12:28:38 SAST" duration-ms="16079" status="PASS">
          <reporter-output>
          </reporter-output>
        </test-method> <!-- ChangeBeneficiaries -->
        <test-method signature="UploadDocument()[pri:9, instance:runner.PolicyRunner@55c53a33]" started-at="2021-10-26T12:28:38 SAST" name="UploadDocument" finished-at="2021-10-26T12:28:40 SAST" duration-ms="2451" status="PASS">
          <reporter-output>
          </reporter-output>
        </test-method> <!-- UploadDocument -->
        <test-method is-config="true" signature="EndTests()[pri:0, instance:runner.PolicyRunner@55c53a33]" started-at="2021-10-26T12:28:40 SAST" name="EndTests" finished-at="2021-10-26T12:28:40 SAST" duration-ms="376" status="PASS">
          <reporter-output>
          </reporter-output>
        </test-method> <!-- EndTests -->
      </class> <!-- runner.PolicyRunner -->
    </test> <!-- Default test -->
  </suite> <!-- Default suite -->
</testng-results>
